SetDeviceOwner/build/outputs/logs/manifest-merger-debug-report.txt
-- Merging decision tree log ---
manifest
ADDED from android_for_work/SetDeviceOwner/AndroidManifest.xml:20:1-55:12
	package
		ADDED from android_for_work/SetDeviceOwner/AndroidManifest.xml:21:5-39
	android:versionName
		ADDED from android_for_work/SetDeviceOwner/AndroidManifest.xml:23:5-30
		INJECTED from android_for_work/SetDeviceOwner/AndroidManifest.xml
		INJECTED from android_for_work/SetDeviceOwner/AndroidManifest.xml
	android:versionCode
		ADDED from android_for_work/SetDeviceOwner/AndroidManifest.xml:22:5-28
		INJECTED from android_for_work/SetDeviceOwner/AndroidManifest.xml
		INJECTED from android_for_work/SetDeviceOwner/AndroidManifest.xml
	xmlns:android
		ADDED from android_for_work/SetDeviceOwner/AndroidManifest.xml:20:11-69
uses-permission#android.permission.INTERNET
ADDED from android_for_work/SetDeviceOwner/AndroidManifest.xml:25:5-67
	android:name
		ADDED from android_for_work/SetDeviceOwner/AndroidManifest.xml:25:22-64
uses-permission#android.permission.NFC
ADDED from android_for_work/SetDeviceOwner/AndroidManifest.xml:26:5-62
	android:name
		ADDED from android_for_work/SetDeviceOwner/AndroidManifest.xml:26:22-59
uses-sdk
ADDED from android_for_work/SetDeviceOwner/AndroidManifest.xml:28:5-44
	android:minSdkVersion
		ADDED from android_for_work/SetDeviceOwner/AndroidManifest.xml:28:15-41
uses-feature#android.hardware.nfc
ADDED from android_for_work/SetDeviceOwner/AndroidManifest.xml:30:5-57
	android:name
		ADDED from android_for_work/SetDeviceOwner/AndroidManifest.xml:30:19-54
application
ADDED from android_for_work/SetDeviceOwner/AndroidManifest.xml:32:5-53:19
	android:label
		ADDED from android_for_work/SetDeviceOwner/AndroidManifest.xml:34:9-41
	android:icon
		ADDED from android_for_work/SetDeviceOwner/AndroidManifest.xml:33:9-45
activity#com.example.android.beam.SetDeviceOwner
ADDED from android_for_work/SetDeviceOwner/AndroidManifest.xml:35:9-52:20
	android:label
		ADDED from android_for_work/SetDeviceOwner/AndroidManifest.xml:38:13-45
	android:launchMode
		ADDED from android_for_work/SetDeviceOwner/AndroidManifest.xml:39:13-43
	android:configChanges
		ADDED from android_for_work/SetDeviceOwner/AndroidManifest.xml:37:13-74
	android:name
		ADDED from android_for_work/SetDeviceOwner/AndroidManifest.xml:36:13-67
intent-filter#android.intent.action.MAIN+android.intent.category.LAUNCHER
ADDED from android_for_work/SetDeviceOwner/AndroidManifest.xml:40:13-44:29
action#android.intent.action.MAIN
ADDED from android_for_work/SetDeviceOwner/AndroidManifest.xml:41:17-69
	android:name
		ADDED from android_for_work/SetDeviceOwner/AndroidManifest.xml:41:25-66
category#android.intent.category.LAUNCHER
ADDED from android_for_work/SetDeviceOwner/AndroidManifest.xml:43:17-77
	android:name
		ADDED from android_for_work/SetDeviceOwner/AndroidManifest.xml:43:27-74
intent-filter#android.intent.category.DEFAULT+android.nfc.action.NDEF_DISCOVERED
ADDED from android_for_work/SetDeviceOwner/AndroidManifest.xml:45:13-51:29
action#android.nfc.action.NDEF_DISCOVERED
ADDED from android_for_work/SetDeviceOwner/AndroidManifest.xml:46:17-77
	android:name
		ADDED from android_for_work/SetDeviceOwner/AndroidManifest.xml:46:25-74
category#android.intent.category.DEFAULT
ADDED from android_for_work/SetDeviceOwner/AndroidManifest.xml:48:17-76
	android:name
		ADDED from android_for_work/SetDeviceOwner/AndroidManifest.xml:48:27-73
data
ADDED from android_for_work/SetDeviceOwner/AndroidManifest.xml:50:17-81
	android:mimeType
		ADDED from android_for_work/SetDeviceOwner/AndroidManifest.xml:50:23-78